<?xml version="1.0" encoding="UTF-8"?>
<!-- Generated by org.testng.reporters.JUnitReportReporter -->
<testsuite skipped="0" hostname="PG116" name="test_script.Priority" tests="6" failures="0" timestamp="05 Feb 2019 07:00:57 GMT" time="0.025" errors="0">
  <testcase name="loginApp" time="0.003" classname="test_script.Priority"/>
  <testcase name="startApp" time="0.002" classname="test_script.Priority"/>
  <testcase name="beforeapplication" time="0.011" classname="test_script.Priority"/>
  <testcase name="application" time="0.002" classname="test_script.Priority"/>
  <testcase name="logoutApp" time="0.002" classname="test_script.Priority"/>
  <testcase name="beforestartApp" time="0.005" classname="test_script.Priority"/>
</testsuite> <!-- test_script.Priority -->
