<?xml version="1.0" encoding="UTF-8"?>
<!-- Generated by org.testng.reporters.JUnitReportReporter -->
<testsuite skipped="0" hostname="PG116" name="test_script.bta" tests="1" failures="0" timestamp="28 Jan 2019 13:47:43 GMT" time="0.025" errors="0">
  <testcase name="f" time="0.025" classname="test_script.bta"/>
</testsuite> <!-- test_script.bta -->
