<?xml version="1.0" encoding="UTF-8"?>
<!-- Generated by org.testng.reporters.JUnitReportReporter -->
<testsuite skipped="0" hostname="PG116" name="test_script.before_after_method" tests="2" failures="0" timestamp="28 Jan 2019 13:53:45 GMT" time="7.422" errors="0">
  <testcase name="register" time="4.113" classname="test_script.before_after_method"/>
  <testcase name="support" time="3.309" classname="test_script.before_after_method"/>
</testsuite> <!-- test_script.before_after_method -->
