<?xml version="1.0" encoding="UTF-8"?>
<!-- Generated by org.testng.reporters.JUnitReportReporter -->
<testsuite skipped="0" hostname="PG116" name="test_script.FirstTestNGFile" tests="1" failures="0" timestamp="28 Jan 2019 12:41:19 GMT" time="10.819" errors="0">
  <testcase name="verifHomepageTitle" time="10.819" classname="test_script.FirstTestNGFile"/>
</testsuite> <!-- test_script.FirstTestNGFile -->
