<?xml version="1.0" encoding="UTF-8"?>
<!-- Generated by org.testng.reporters.JUnitReportReporter -->
<testsuite skipped="0" hostname="PG116" name="capture_screenshot.Screenshot" tests="1" failures="0" timestamp="13 Feb 2019 05:58:10 GMT" time="29.482" errors="0">
  <testcase name="capture" time="29.482" classname="capture_screenshot.Screenshot"/>
</testsuite> <!-- capture_screenshot.Screenshot -->
