<?xml version="1.0" encoding="UTF-8"?>
<!-- Generated by org.testng.reporters.JUnitReportReporter -->
<testsuite skipped="0" hostname="PG116" name="test_script.Script" tests="1" failures="0" timestamp="06 Mar 2019 13:39:26 GMT" time="5.807" errors="0">
  <testcase name="f" time="5.807" classname="test_script.Script"/>
</testsuite> <!-- test_script.Script -->
